<?xml version="1.0" encoding="UTF-8"?>
<!-- Generated by org.testng.reporters.JUnitReportReporter -->
<testsuite hostname="PRAKRUTI-NKC7BJA6" failures="0" tests="1" name="contactTests.ToCreateContactwithOrgTest" time="47.862" errors="0" timestamp="2025-03-27T08:05:42 IST" skipped="0">
  <testcase classname="contactTests.ToCreateContactwithOrgTest" name="toCreateContactwithOrg_005" time="47.862"/>
  <system-out/>
</testsuite> <!-- contactTests.ToCreateContactwithOrgTest -->
