<?xml version="1.0" encoding="UTF-8"?>
<!-- Generated by org.testng.reporters.JUnitReportReporter -->
<testsuite hostname="PRAKRUTI-NKC7BJA6" failures="0" tests="1" name="practice.ToLearnAssertion" time="18.401" errors="0" timestamp="2025-03-22T09:17:23 IST" skipped="0">
  <testcase classname="practice.ToLearnAssertion" name="toLearnAssertion_001" time="18.401"/>
  <system-out/>
</testsuite> <!-- practice.ToLearnAssertion -->
