<?xml version="1.0" encoding="UTF-8"?>
<!-- Generated by org.testng.reporters.JUnitReportReporter -->
<testsuite hostname="PRAKRUTI-NKC7BJA6" failures="0" tests="1" name="organizationTests.ToCreateOrgwithIndustryandType" time="12.548" errors="0" timestamp="2025-03-21T12:42:34 IST" skipped="0">
  <testcase classname="organizationTests.ToCreateOrgwithIndustryandType" name="toCreateOrgwithIndustryandType_003" time="12.548"/>
  <system-out>
    <![CDATA[[ ACC30 ] Qspiders1859717163 - Organization Information1859717163--passed--]]>
  </system-out>
</testsuite> <!-- organizationTests.ToCreateOrgwithIndustryandType -->
