<?xml version="1.0" encoding="UTF-8"?>
<!-- Generated by org.testng.reporters.JUnitReportReporter -->
<testsuite hostname="PRAKRUTI-NKC7BJA6" failures="0" tests="1" name="organizationTests.ToCreateOrgwithIndustryTest" time="12.100" errors="0" timestamp="2025-03-21T12:29:23 IST" skipped="0">
  <testcase classname="organizationTests.ToCreateOrgwithIndustryTest" name="tocreateOrgwithIndustry_003" time="12.100"/>
  <system-out>
    <![CDATA[[ ACC29 ] Qspiders573 - Organization Information573--passed--]]>
  </system-out>
</testsuite> <!-- organizationTests.ToCreateOrgwithIndustryTest -->
