<?xml version="1.0" encoding="UTF-8"?>
<!-- Generated by org.testng.reporters.JUnitReportReporter -->
<testsuite hostname="PRAKRUTI-NKC7BJA6" failures="0" tests="2" name="assertionTest.ToCreateOrgWithIndandTypeTest" time="52.380" errors="0" timestamp="2025-03-24T09:26:31 IST" skipped="0">
  <testcase classname="assertionTest.ToCreateOrgWithIndandTypeTest" name="toCreateOrgwithIndustryandType_003" time="26.689"/>
  <system-out/>
  <testcase classname="assertionTest.ToCreateOrgWithIndandTypeTest" name="toCreateOrgwithIndustryandType_003" time="25.691"/>
  <system-out/>
</testsuite> <!-- assertionTest.ToCreateOrgWithIndandTypeTest -->
