<?xml version="1.0" encoding="UTF-8"?>
<!-- Generated by org.testng.reporters.JUnitReportReporter -->
<testsuite hostname="PRAKRUTI-NKC7BJA6" failures="0" tests="1" name="contactTests.ToCreateContactWithAssertionTest" time="17.606" errors="0" timestamp="2025-03-22T09:24:37 IST" skipped="0">
  <testcase classname="contactTests.ToCreateContactWithAssertionTest" name="toCreateContactWithAssert" time="17.606"/>
  <system-out/>
</testsuite> <!-- contactTests.ToCreateContactWithAssertionTest -->
