<?xml version="1.0" encoding="UTF-8"?>
<!-- Generated by org.testng.reporters.JUnitReportReporter -->
<testsuite hostname="PRAKRUTI-NKC7BJA6" failures="0" tests="1" name="contactTests.ToCreateContactTest" time="94.049" errors="0" timestamp="2025-04-02T09:55:13 IST" skipped="0">
  <testcase classname="contactTests.ToCreateContactTest" name="toCreateContact_001" time="94.049"/>
  <system-out/>
</testsuite> <!-- contactTests.ToCreateContactTest -->
